IQ-TREE multicore version 1.6.12 for Linux 64-bit built Aug 15 2019
Developed by Bui Quang Minh, Nguyen Lam Tung, Olga Chernomor,
Heiko Schmidt, Dominik Schrempf, Michael Woodhams.

Host:    fermat (AVX2, FMA3, 1009 GB RAM)
Command: ../../iqtree -s 1d_Removed_Empty_Sequences.fasta -m TEST -bb 1000 -alrt 1000
Seed:    105828 (Using SPRNG - Scalable Parallel Random Number Generator)
Time:    Wed Sep  6 10:45:12 2023
Kernel:  AVX+FMA - 1 threads (128 CPU cores detected)

HINT: Use -nt option to specify number of threads because your CPU has 128 cores!
HINT: -nt AUTO will automatically determine the best number of threads to use.

Reading alignment file 1d_Removed_Empty_Sequences.fasta ... Fasta format detected
Alignment most likely contains DNA/RNA sequences
Alignment has 299 sequences with 389 columns, 357 distinct patterns
256 parsimony-informative, 68 singleton sites, 65 constant sites
WARNING: Some sequence names are changed as follows:
JAHCGZ010000002.1:3349-4818 -> JAHCGZ010000002.1_3349-4818
DAJVOR010000012.1:2821-4290 -> DAJVOR010000012.1_2821-4290
JAQCDU010000001.1:124479-125948 -> JAQCDU010000001.1_124479-125948
JAQCHK010000001.1:1-1300 -> JAQCHK010000001.1_1-1300
LFEW01000007.1:1-893 -> LFEW01000007.1_1-893
NZ_JAOLVA010000027.1:3623-5092 -> NZ_JAOLVA010000027.1_3623-5092
JAJETX010000001.1:117833-119302 -> JAJETX010000001.1_117833-119302
NZ_LQMW01000026.1:5810-7279 -> NZ_LQMW01000026.1_5810-7279
JAOHJC010000001.1:8922-10391 -> JAOHJC010000001.1_8922-10391
JAONHZ010000006.1:1276-2745 -> JAONHZ010000006.1_1276-2745
JAONRX010000001.1:53509-54978 -> JAONRX010000001.1_53509-54978
CP003843.1:952925-954394 -> CP003843.1_952925-954394
JAILWA010000001.1:259176-260645 -> JAILWA010000001.1_259176-260645
JAOTWS010000001.1:271469-272938 -> JAOTWS010000001.1_271469-272938
JAOTXF010000011.1:1-1321 -> JAOTXF010000011.1_1-1321
CP026995.1:1350810-1352279 -> CP026995.1_1350810-1352279
NZ_BGKI01000007.1:193646-195115 -> NZ_BGKI01000007.1_193646-195115
JAILWM010000001.1:631337-632806 -> JAILWM010000001.1_631337-632806
JAPFQG010000029.1:104371-105840 -> JAPFQG010000029.1_104371-105840
CP046181.1:44486-45955 -> CP046181.1_44486-45955
JARPSM010000114.1:3692-5161 -> JARPSM010000114.1_3692-5161
JOKN01000012.1:3411-4880 -> JOKN01000012.1_3411-4880
CP000866.1:896241-897710 -> CP000866.1_896241-897710
NZ_AJVI01000001.1:38165-39634 -> NZ_AJVI01000001.1_38165-39634
LIAL01000036.1:1660-3129 -> LIAL01000036.1_1660-3129
JABGUZ010000107.1:1629-2899 -> JABGUZ010000107.1_1629-2899
NVWC01000001.1:182917-184386 -> NVWC01000001.1_182917-184386
DADK01000024.1:2680-4150 -> DADK01000024.1_2680-4150
JACERO010000061.1:5969-7438 -> JACERO010000061.1_5969-7438
SHMJ01000004.1:162109-163578 -> SHMJ01000004.1_162109-163578
CALBPK010000047.1:2-1050 -> CALBPK010000047.1_2-1050
JACZVG010000018.1:3507-4976 -> JACZVG010000018.1_3507-4976
CALBPK010000036.1:80322-80866 -> CALBPK010000036.1_80322-80866
JACEMX010000154.1:1196-2471 -> JACEMX010000154.1_1196-2471
JACEMY010000163.1:2407-2963 -> JACEMY010000163.1_2407-2963
AFPU01000001.1:932096-933565 -> AFPU01000001.1_932096-933565
BGOU01000008.1:8838-10307 -> BGOU01000008.1_8838-10307
JAHFUX010000005.1:52545-54014 -> JAHFUX010000005.1_52545-54014
JAHFUM010000017.1:2750-4219 -> JAHFUM010000017.1_2750-4219
NZ_AHJG01000224.1:3276-4745 -> NZ_AHJG01000224.1_3276-4745
CM001158.1:573905-575374 -> CM001158.1_573905-575374
JAIOOR010000005.1:94116-95585 -> JAIOOR010000005.1_94116-95585
JAICOU010000007.1:3-929 -> JAICOU010000007.1_3-929
QQVN01000005.1:16296-17765 -> QQVN01000005.1_16296-17765
NZ_MU078707.1:3-834 -> NZ_MU078707.1_3-834
JAEHKR010000128.1:1-1021 -> JAEHKR010000128.1_1-1021
JABSRD010000009.1:1-867 -> JABSRD010000009.1_1-867
JAJRWR010000021.1:5-773 -> JAJRWR010000021.1_5-773
DP000238.1:1200939-1202409 -> DP000238.1_1200939-1202409
JACZSC010000001.1:36761-38230 -> JACZSC010000001.1_36761-38230
JAICOU010000008.1:37906-38453 -> JAICOU010000008.1_37906-38453
LDXL01000006.1:3443-4912 -> LDXL01000006.1_3443-4912
CACFMI010000012.1:23609-25078 -> CACFMI010000012.1_23609-25078
CABXGK010000006.1:29551-31020 -> CABXGK010000006.1_29551-31020
JAOLYM010000001.1:9464-10933 -> JAOLYM010000001.1_9464-10933
JAOMAI010000018.1:12759-14228 -> JAOMAI010000018.1_12759-14228
JAOMZK010000004.1:32243-33712 -> JAOMZK010000004.1_32243-33712
JAOMCQ010000005.1:3347-4816 -> JAOMCQ010000005.1_3347-4816
JAAZXO010000081.1:5007-6476 -> JAAZXO010000081.1_5007-6476
CACLID010000001.1:49950-51418 -> CACLID010000001.1_49950-51418
JAOMDA010000006.1:16420-17888 -> JAOMDA010000006.1_16420-17888
JADFGC010000036.1:1-809 -> JADFGC010000036.1_1-809
ARWO01000004.1:28644-30113 -> ARWO01000004.1_28644-30113
JAANXC010000075.1:2-940 -> JAANXC010000075.1_2-940
JACASW010000004.1:78578-80047 -> JACASW010000004.1_78578-80047
JACATA010000004.1:16236-17706 -> JACATA010000004.1_16236-17706
CACIXQ010000004.1:1361-2831 -> CACIXQ010000004.1_1361-2831
CACLIK010000040.1:1891-3195 -> CACLIK010000040.1_1891-3195
JAEFDA010000053.1:17599-19068 -> JAEFDA010000053.1_17599-19068
RHDB01000005.1:25065-26534 -> RHDB01000005.1_25065-26534
VHBH01000001.1:90144-91613 -> VHBH01000001.1_90144-91613
DAIEQS010000042.1:499-1968 -> DAIEQS010000042.1_499-1968
CP030846.1:1030041-1031510 -> CP030846.1_1030041-1031510
NZ_AVSQ01000019.1:27402-28871 -> NZ_AVSQ01000019.1_27402-28871
NZ_JAPPVQ010000014.1:435624-437093 -> NZ_JAPPVQ010000014.1_435624-437093
NZ_CBTY010000008.1:401526-402995 -> NZ_CBTY010000008.1_401526-402995
RHEZ01000118.1:6971-8440 -> RHEZ01000118.1_6971-8440
JAPPQM010000041.1:12702-14171 -> JAPPQM010000041.1_12702-14171
JAPOXX010000009.1:114543-116010 -> JAPOXX010000009.1_114543-116010
WTHC01000047.1:3457-4924 -> WTHC01000047.1_3457-4924
LN890280.1:1347782-1349250 -> LN890280.1_1347782-1349250
NZ_RCMC01000220.1:10434-11902 -> NZ_RCMC01000220.1_10434-11902
JAGWGD010000004.1:1-722 -> JAGWGD010000004.1_1-722
VBPH01000092.1:4045-5513 -> VBPH01000092.1_4045-5513
JACOTI010000043.1:3-1062 -> JACOTI010000043.1_3-1062
CP007536.1:892626-894094 -> CP007536.1_892626-894094
CP007174.1:1979203-1980671 -> CP007174.1_1979203-1980671
CP002408.1:1010638-1012106 -> CP002408.1_1010638-1012106
JAHEZV010000070.1:1-973 -> JAHEZV010000070.1_1-973
CAMLKF010000045.1:3102-4570 -> CAMLKF010000045.1_3102-4570
JAHEZV010000058.1:9120-9774 -> JAHEZV010000058.1_9120-9774
VBPM01000025.1:5364-5988 -> VBPM01000025.1_5364-5988
CP017922.1:1971556-1973023 -> CP017922.1_1971556-1973023
CP012850.1:2227448-2228915 -> CP012850.1_2227448-2228915
LR216287.1:3918-5385 -> LR216287.1_3918-5385
QCWC01000094.1:1-748 -> QCWC01000094.1_1-748
JACDHC010000057.1:747-2214 -> JACDHC010000057.1_747-2214
CAKOFM010000135.1:3762-5228 -> CAKOFM010000135.1_3762-5228
CAKOFO010000276.1:4715-6181 -> CAKOFO010000276.1_4715-6181
WJXE01000020.1:3727-5193 -> WJXE01000020.1_3727-5193
DAHA01000152.1:1-736 -> DAHA01000152.1_1-736
JAICFZ010000030.1:2766-4232 -> JAICFZ010000030.1_2766-4232
JAICFP010000011.1:2260-3726 -> JAICFP010000011.1_2260-3726
JAICFQ010000068.1:2288-3754 -> JAICFQ010000068.1_2288-3754
JARBAW010000105.1:7475-8941 -> JARBAW010000105.1_7475-8941
JAICFI010000073.1:2191-3657 -> JAICFI010000073.1_2191-3657
JAICFO010000088.1:2-964 -> JAICFO010000088.1_2-964
JAICHK010000002.1:1-911 -> JAICHK010000002.1_1-911
JAICFL010000014.1:2-759 -> JAICFL010000014.1_2-759
JAICOZ010000057.1:3-766 -> JAICOZ010000057.1_3-766
JAICFK010000126.1:1-751 -> JAICFK010000126.1_1-751
VBPX01000018.1:26842-28310 -> VBPX01000018.1_26842-28310
JAIBII010000061.1:2292-3760 -> JAIBII010000061.1_2292-3760
JAIBIP010000050.1:2292-2938 -> JAIBIP010000050.1_2292-2938
JAICFK010000066.1:24440-25002 -> JAICFK010000066.1_24440-25002
CP024014.1:710109-711575 -> CP024014.1_710109-711575
BEHG01000016.1:2-912 -> BEHG01000016.1_2-912
AEXL02000002.1:1807-2637 -> AEXL02000002.1_1807-2637
JAACAS010000716.1:2774-4312 -> JAACAS010000716.1_2774-4312
JACVSK010000124.1:241-1758 -> JACVSK010000124.1_241-1758
DAIDTO010000222.1:1033-1492 -> DAIDTO010000222.1_1033-1492
DAIDTO010000758.1:2-474 -> DAIDTO010000758.1_2-474
JACVSK010000910.1:357-1047 -> JACVSK010000910.1_357-1047
CALBML010000317.1:22204-23561 -> CALBML010000317.1_22204-23561
JALJFE010000008.1:37670-39139 -> JALJFE010000008.1_37670-39139
DAJVOQ010000002.1:17757-19226 -> DAJVOQ010000002.1_17757-19226
NSIS01000012.1:110486-111539 -> NSIS01000012.1_110486-111539
DAJVOO010000011.1:31675-33144 -> DAJVOO010000011.1_31675-33144
AP026695.1:739863-741332 -> AP026695.1_739863-741332
JAILWC010000001.1:414269-415738 -> JAILWC010000001.1_414269-415738
CP011070.1:762944-764413 -> CP011070.1_762944-764413
NZ_MU078694.1:83176-84645 -> NZ_MU078694.1_83176-84645
CP021324.1:507271-508740 -> CP021324.1_507271-508740
JAERSZ010000103.1:2730-4199 -> JAERSZ010000103.1_2730-4199
JAOMDU010000011.1:30291-31760 -> JAOMDU010000011.1_30291-31760
JAOLZN010000005.1:33089-34558 -> JAOLZN010000005.1_33089-34558
JAOMSN010000006.1:43206-44675 -> JAOMSN010000006.1_43206-44675
CABXPS010000010.1:30395-31864 -> CABXPS010000010.1_30395-31864
CAJQSS010000018.1:23089-24558 -> CAJQSS010000018.1_23089-24558
JAONKT010000033.1:270-1739 -> JAONKT010000033.1_270-1739
CP003842.1:945952-947421 -> CP003842.1_945952-947421
JAANXA010000013.1:19451-20920 -> JAANXA010000013.1_19451-20920
CP026993.1:590048-591517 -> CP026993.1_590048-591517
AEXL02000090.1:94351-95820 -> AEXL02000090.1_94351-95820
CP010868.1:949800-951269 -> CP010868.1_949800-951269
CP035425.1:1404614-1406082 -> CP035425.1_1404614-1406082
JAJETY010000004.1:54734-56202 -> JAJETY010000004.1_54734-56202
JH165283.1:13406-14875 -> JH165283.1_13406-14875
CAJQRN010000022.1:19552-21021 -> CAJQRN010000022.1_19552-21021
CAJQRY010000022.1:55347-56816 -> CAJQRY010000022.1_55347-56816
DAKA01000095.1:17695-19164 -> DAKA01000095.1_17695-19164
CP026994.1:623745-625214 -> CP026994.1_623745-625214
JAPFBP010000004.1:45375-46844 -> JAPFBP010000004.1_45375-46844
JAPFQF010000005.1:11011-12480 -> JAPFQF010000005.1_11011-12480
NSIR01000001.1:228456-229610 -> NSIR01000001.1_228456-229610
JACDOP010000014.1:20152-21621 -> JACDOP010000014.1_20152-21621
BJHR01000029.1:2174-3643 -> BJHR01000029.1_2174-3643
CALLTX010000012.1:30560-31743 -> CALLTX010000012.1_30560-31743
JAGXTE010000052.1:16836-18305 -> JAGXTE010000052.1_16836-18305
PFTD01000139.1:3013-4482 -> PFTD01000139.1_3013-4482
JACRND010000144.1:3396-4150 -> JACRND010000144.1_3396-4150
PBZV01000028.1:57948-58463 -> PBZV01000028.1_57948-58463
LFLC01000014.1:6883-8352 -> LFLC01000014.1_6883-8352
JACATI010000009.1:44102-45571 -> JACATI010000009.1_44102-45571
JACATK010000013.1:9116-10585 -> JACATK010000013.1_9116-10585
JABDOO010000004.1:9649-10572 -> JABDOO010000004.1_9649-10572
JAOTZU010000115.1:3946-4629 -> JAOTZU010000115.1_3946-4629
JAILWV010000011.1:25474-26943 -> JAILWV010000011.1_25474-26943
JACEMW010000007.1:4-1294 -> JACEMW010000007.1_4-1294
JACEMZ010000022.1:852-2321 -> JACEMZ010000022.1_852-2321
QQVT01000001.1:601449-602918 -> QQVT01000001.1_601449-602918
JADFMA010000065.1:1421-2889 -> JADFMA010000065.1_1421-2889
CP007026.1:477692-479161 -> CP007026.1_477692-479161
BPEA01000001.1:184319-185788 -> BPEA01000001.1_184319-185788
CACIRF010000006.1:6508-7977 -> CACIRF010000006.1_6508-7977
CABXKZ010000002.1:29360-30829 -> CABXKZ010000002.1_29360-30829
JAOJYB010000002.1:24991-26460 -> JAOJYB010000002.1_24991-26460
LUOZ01000014.1:6491-7959 -> LUOZ01000014.1_6491-7959
JAPNRK010000027.1:3871-4361 -> JAPNRK010000027.1_3871-4361
JAQBXM010000002.1:41012-42481 -> JAQBXM010000002.1_41012-42481
JAQCFP010000006.1:70500-71010 -> JAQCFP010000006.1_70500-71010
LFEZ01000019.1:51337-51849 -> LFEZ01000019.1_51337-51849
SHMM01000028.1:3808-5275 -> SHMM01000028.1_3808-5275
CACHDH010000001.1:25591-27061 -> CACHDH010000001.1_25591-27061
JACASX010000011.1:28656-30125 -> JACASX010000011.1_28656-30125
CACLNC010000047.1:320-1788 -> CACLNC010000047.1_320-1788
BFAR01000058.1:3453-4373 -> BFAR01000058.1_3453-4373
JACZUQ010000011.1:20895-21815 -> JACZUQ010000011.1_20895-21815
JACATB010000074.1:4119-4886 -> JACATB010000074.1_4119-4886
RHDH01000031.1:4183-5652 -> RHDH01000031.1_4183-5652
CP024808.1:289228-290697 -> CP024808.1_289228-290697
DAMC01000088.1:1370-2839 -> DAMC01000088.1_1370-2839
CP011097.2:737014-738483 -> CP011097.2_737014-738483
CAJNAQ010000005.1:600734-602203 -> CAJNAQ010000005.1_600734-602203
JAHEXS010000031.1:6780-8249 -> JAHEXS010000031.1_6780-8249
RHFA01000180.1:16809-18278 -> RHFA01000180.1_16809-18278
JAAXHA010000027.1:29772-31239 -> JAAXHA010000027.1_29772-31239
JAPOVD010000001.1:25310-26777 -> JAPOVD010000001.1_25310-26777
FRFC01000003.1:577519-578987 -> FRFC01000003.1_577519-578987
NZ_FUYK01000013.1:14919-16387 -> NZ_FUYK01000013.1_14919-16387
JABDAJ010000001.1:78189-78998 -> JABDAJ010000001.1_78189-78998
QYQE01000046.1:29725-31193 -> QYQE01000046.1_29725-31193
JABDDN010000011.1:28829-30297 -> JABDDN010000011.1_28829-30297
VBPL01000041.1:65323-66060 -> VBPL01000041.1_65323-66060
NZ_RCMB01000017.1:17933-19402 -> NZ_RCMB01000017.1_17933-19402
CP012850.1:2060567-2062034 -> CP012850.1_2060567-2062034
CP017922.1:1787196-1788663 -> CP017922.1_1787196-1788663
LR216287.1:2693345-2694812 -> LR216287.1_2693345-2694812
CAKOFP010000282.1:10588-12054 -> CAKOFP010000282.1_10588-12054
QHBN01000145.1:18501-19967 -> QHBN01000145.1_18501-19967
DAKM01000053.1:19058-19886 -> DAKM01000053.1_19058-19886
NZ_QURE01000023.1:17953-19419 -> NZ_QURE01000023.1_17953-19419
CAMLDP010000038.1:5699-7167 -> CAMLDP010000038.1_5699-7167
JAJUFP010000001.1:202972-204440 -> JAJUFP010000001.1_202972-204440
QCWB01000030.1:11003-11931 -> QCWB01000030.1_11003-11931
JAICPA010000101.1:3678-4442 -> JAICPA010000101.1_3678-4442
MNFA01000040.1:1400-2867 -> MNFA01000040.1_1400-2867
JACAEH010000005.1:7613-9080 -> JACAEH010000005.1_7613-9080
JAICQB010000111.1:3039-3957 -> JAICQB010000111.1_3039-3957
QCWD01000097.1:6579-7935 -> QCWD01000097.1_6579-7935
JAIBIM010000127.1:3088-4008 -> JAIBIM010000127.1_3088-4008
JAHWYJ010000001.1:15481-16949 -> JAHWYJ010000001.1_15481-16949
JAICFG010000053.1:7124-8590 -> JAICFG010000053.1_7124-8590
AJ627422.1:38671-40137 -> AJ627422.1_38671-40137
JAICFJ010000012.1:8833-10081 -> JAICFJ010000012.1_8833-10081
JAICFH010000019.1:17137-17887 -> JAICFH010000019.1_17137-17887
JAICFN010000005.1:3017-3761 -> JAICFN010000005.1_3017-3761
JAICFW010000022.1:16922-18388 -> JAICFW010000022.1_16922-18388
JAICNX010000169.1:3394-4187 -> JAICNX010000169.1_3394-4187
JAICFX010000127.1:2790-3553 -> JAICFX010000127.1_2790-3553
JAICNM010000008.1:8271-9035 -> JAICNM010000008.1_8271-9035
JAICHG010000077.1:7513-8416 -> JAICHG010000077.1_7513-8416
JAICMV010000150.1:4047-4804 -> JAICMV010000150.1_4047-4804
JAJPIN010000202.1:15965-16507 -> JAJPIN010000202.1_15965-16507
JAKEIK010000099.1:8587-9520 -> JAKEIK010000099.1_8587-9520
LT981265.1:1002314-1003780 -> LT981265.1_1002314-1003780
JABXGO010000075.1:10324-11790 -> JABXGO010000075.1_10324-11790
JAJETX010000057.1:4-568 -> JAJETX010000057.1_4-568
JAAZXO010000014.1:20-1462 -> JAAZXO010000014.1_20-1462
DAIDTO010000744.1:70-906 -> DAIDTO010000744.1_70-906
DAIDTO010000222.1:1808-2466 -> DAIDTO010000222.1_1808-2466
DAIDTO010000745.1:38-628 -> DAIDTO010000745.1_38-628

                                    Gap/Ambiguity  Composition  p-value
   1  JAHCGZ010000002.1_3349-4818          23.39%    failed      1.11%
   2  DAJVOR010000012.1_2821-4290          23.39%    failed      1.11%
   3  JAQCDU010000001.1_124479-125948      23.39%    failed      1.11%
   4  JAQCHK010000001.1_1-1300             23.39%    failed      1.11%
   5  LFEW01000007.1_1-893                 54.50%    passed      7.49%
   6  NZ_JAOLVA010000027.1_3623-5092       23.39%    failed      1.11%
   7  JAJETX010000001.1_117833-119302      23.39%    failed      1.11%
   8  NZ_LQMW01000026.1_5810-7279          23.39%    failed      1.02%
   9  JAOHJC010000001.1_8922-10391         23.39%    failed      1.11%
  10  JAONHZ010000006.1_1276-2745          23.39%    failed      1.11%
  11  JAONRX010000001.1_53509-54978        23.39%    failed      1.11%
  12  CP003843.1_952925-954394             23.39%    failed      1.11%
  13  JAILWA010000001.1_259176-260645      23.39%    failed      1.11%
  14  JAOTWS010000001.1_271469-272938      23.39%    failed      1.11%
  15  JAOTXF010000011.1_1-1321             23.39%    failed      1.11%
  16  CP026995.1_1350810-1352279           23.39%    failed      1.11%
  17  NZ_BGKI01000007.1_193646-195115      23.39%    failed      1.11%
  18  JAILWM010000001.1_631337-632806      23.39%    failed      1.11%
  19  JAPFQG010000029.1_104371-105840      23.39%    failed      0.99%
  20  CP046181.1_44486-45955               23.39%    failed      0.99%
  21  JARPSM010000114.1_3692-5161          23.39%    failed      0.94%
  22  JOKN01000012.1_3411-4880             23.39%    failed      1.11%
  23  CP000866.1_896241-897710             23.39%    failed      1.11%
  24  NZ_AJVI01000001.1_38165-39634        23.39%    failed      1.11%
  25  LIAL01000036.1_1660-3129             23.39%    failed      1.11%
  26  JABGUZ010000107.1_1629-2899          23.39%    failed      1.11%
  27  NVWC01000001.1_182917-184386         23.39%    failed      0.84%
  28  DADK01000024.1_2680-4150             23.14%    failed      0.85%
  29  JACERO010000061.1_5969-7438          23.39%    failed      1.11%
  30  SHMJ01000004.1_162109-163578         23.39%    failed      1.11%
  31  CALBPK010000047.1_2-1050             23.39%    failed      1.11%
  32  JACZVG010000018.1_3507-4976          23.39%    failed      1.11%
  33  CALBPK010000036.1_80322-80866        77.12%    passed     11.13%
  34  JACEMX010000154.1_1196-2471          23.39%    failed      1.08%
  35  JACEMY010000163.1_2407-2963          23.39%    failed      1.11%
  36  AFPU01000001.1_932096-933565         23.39%    failed      1.11%
  37  BGOU01000008.1_8838-10307            23.39%    failed      1.08%
  38  JAHFUX010000005.1_52545-54014        23.39%    failed      1.11%
  39  JAHFUM010000017.1_2750-4219          23.39%    failed      0.77%
  40  NZ_AHJG01000224.1_3276-4745          23.39%    failed      1.11%
  41  CM001158.1_573905-575374             23.39%    failed      1.11%
  42  JAIOOR010000005.1_94116-95585        23.39%    failed      1.11%
  43  JAICOU010000007.1_3-929              45.76%    passed      8.65%
  44  QQVN01000005.1_16296-17765           23.39%    failed      0.84%
  45  NZ_MU078707.1_3-834                  70.18%    passed     56.91%
  46  JAEHKR010000128.1_1-1021             23.39%    failed      1.18%
  47  JABSRD010000009.1_1-867              61.18%    passed     10.86%
  48  JAJRWR010000021.1_5-773              86.38%    passed     35.42%
  49  DP000238.1_1200939-1202409           23.14%    failed      0.73%
  50  JACZSC010000001.1_36761-38230        23.39%    failed      1.10%
  51  JAICOU010000008.1_37906-38453        76.35%    passed     13.68%
  52  LDXL01000006.1_3443-4912             23.39%    failed      0.86%
  53  CACFMI010000012.1_23609-25078        23.39%    failed      1.53%
  54  CABXGK010000006.1_29551-31020        23.39%    failed      1.53%
  55  JAOLYM010000001.1_9464-10933         23.39%    failed      1.53%
  56  JAOMAI010000018.1_12759-14228        23.39%    failed      1.53%
  57  JAOMZK010000004.1_32243-33712        23.39%    failed      1.59%
  58  JAOMCQ010000005.1_3347-4816          23.39%    failed      1.53%
  59  JAAZXO010000081.1_5007-6476          23.39%    failed      1.59%
  60  CACLID010000001.1_49950-51418        23.39%    failed      1.38%
  61  JAOMDA010000006.1_16420-17888        23.39%    failed      1.42%
  62  JADFGC010000036.1_1-809              75.84%    passed     63.96%
  63  ARWO01000004.1_28644-30113           23.39%    failed      0.59%
  64  JAANXC010000075.1_2-940              42.67%    failed      1.39%
  65  JACASW010000004.1_78578-80047        23.39%    failed      0.59%
  66  JACATA010000004.1_16236-17706        23.14%    failed      0.49%
  67  CACIXQ010000004.1_1361-2831          23.39%    failed      0.59%
  68  CACLIK010000040.1_1891-3195          23.39%    failed      0.87%
  69  JAEFDA010000053.1_17599-19068        23.39%    failed      0.56%
  70  RHDB01000005.1_25065-26534           23.39%    failed      1.05%
  71  VHBH01000001.1_90144-91613           23.39%    failed      1.05%
  72  DAIEQS010000042.1_499-1968           23.39%    failed      0.75%
  73  CP030846.1_1030041-1031510           23.39%    failed      1.19%
  74  NZ_AVSQ01000019.1_27402-28871        23.39%    failed      1.19%
  75  NZ_JAPPVQ010000014.1_435624-437093   23.39%    failed      1.15%
  76  NZ_CBTY010000008.1_401526-402995     23.39%    failed      1.15%
  77  RHEZ01000118.1_6971-8440             23.65%    failed      2.49%
  78  JAPPQM010000041.1_12702-14171        23.65%    failed      2.49%
  79  JAPOXX010000009.1_114543-116010      23.39%    failed      0.71%
  80  WTHC01000047.1_3457-4924             23.39%    failed      0.71%
  81  LN890280.1_1347782-1349250           23.39%    failed      0.51%
  82  NZ_RCMC01000220.1_10434-11902        23.39%    failed      0.51%
  83  JAGWGD010000004.1_1-722              98.20%    passed     87.52%
  84  VBPH01000092.1_4045-5513             23.39%    failed      0.51%
  85  JACOTI010000043.1_3-1062             23.39%    failed      0.51%
  86  CP007536.1_892626-894094             23.39%    failed      0.18%
  87  CP007174.1_1979203-1980671           23.39%    failed      0.18%
  88  CP002408.1_1010638-1012106           23.39%    failed      0.21%
  89  JAHEZV010000070.1_1-973              33.42%    failed      1.76%
  90  CAMLKF010000045.1_3102-4570          23.39%    failed      0.27%
  91  JAHEZV010000058.1_9120-9774          49.10%    failed      0.36%
  92  VBPM01000025.1_5364-5988             56.81%    failed      0.70%
  93  CP017922.1_1971556-1973023           23.39%    failed      0.51%
  94  CP012850.1_2227448-2228915           23.39%    failed      0.45%
  95  LR216287.1_3918-5385                 23.39%    failed      0.57%
  96  QCWC01000094.1_1-748                 91.26%    passed     95.06%
  97  JACDHC010000057.1_747-2214           23.39%    failed      0.55%
  98  CAKOFM010000135.1_3762-5228          23.39%    failed      0.21%
  99  CAKOFO010000276.1_4715-6181          23.39%    failed      0.21%
 100  WJXE01000020.1_3727-5193             23.39%    failed      0.21%
 101  DAHA01000152.1_1-736                 94.09%    passed     97.56%
 102  JAICFZ010000030.1_2766-4232          23.39%    failed      0.46%
 103  JAICFP010000011.1_2260-3726          23.39%    failed      0.46%
 104  JAICFQ010000068.1_2288-3754          23.39%    failed      0.55%
 105  JARBAW010000105.1_7475-8941          23.39%    failed      0.46%
 106  JAICFI010000073.1_2191-3657          23.39%    failed      0.46%
 107  JAICFO010000088.1_2-964              35.99%    failed      1.99%
 108  JAICHK010000002.1_1-911              49.36%    passed      7.12%
 109  JAICFL010000014.1_2-759              88.69%    passed     86.78%
 110  JAICOZ010000057.1_3-766              87.15%    passed     79.48%
 111  JAICFK010000126.1_1-751              90.49%    passed     90.78%
 112  VBPX01000018.1_26842-28310           23.39%    failed      0.65%
 113  JAIBII010000061.1_2292-3760          23.39%    failed      0.46%
 114  JAIBIP010000050.1_2292-2938          51.16%    failed      0.25%
 115  JAICFK010000066.1_24440-25002        72.24%    passed      6.45%
 116  CP024014.1_710109-711575             23.39%    failed      0.19%
 117  BEHG01000016.1_2-912                 49.36%    failed      1.78%
 118  AEXL02000002.1_1807-2637             22.62%    passed      5.13%
 119  JAACAS010000716.1_2774-4312          20.05%    failed      1.82%
 120  JACVSK010000124.1_241-1758           23.39%    passed      8.68%
 121  DAIDTO010000222.1_1033-1492          20.31%    failed      3.88%
 122  DAIDTO010000758.1_2-474              61.70%    failed      4.65%
 123  JACVSK010000910.1_357-1047           49.87%    failed      2.41%
 124  CALBML010000317.1_22204-23561        17.99%    failed      0.00%
 125  JALJFE010000008.1_37670-39139        34.96%    passed     15.97%
 126  DAJVOQ010000002.1_17757-19226        34.96%    passed     15.97%
 127  NSIS01000012.1_110486-111539         34.96%    passed     14.50%
 128  DAJVOO010000011.1_31675-33144        34.96%    passed     15.97%
 129  AP026695.1_739863-741332             34.96%    passed     11.90%
 130  JAILWC010000001.1_414269-415738      34.96%    passed     11.90%
 131  CP011070.1_762944-764413             34.96%    passed     10.72%
 132  NZ_MU078694.1_83176-84645            34.96%    passed     10.72%
 133  CP021324.1_507271-508740             34.96%    passed     11.90%
 134  JAERSZ010000103.1_2730-4199          34.96%    passed     11.90%
 135  JAOMDU010000011.1_30291-31760        34.96%    passed     11.90%
 136  JAOLZN010000005.1_33089-34558        34.96%    passed     11.90%
 137  JAOMSN010000006.1_43206-44675        34.96%    passed     10.65%
 138  CABXPS010000010.1_30395-31864        34.96%    passed     11.98%
 139  CAJQSS010000018.1_23089-24558        34.96%    passed     11.98%
 140  JAONKT010000033.1_270-1739           34.96%    passed     10.50%
 141  CP003842.1_945952-947421             34.96%    passed     11.90%
 142  JAANXA010000013.1_19451-20920        34.96%    passed     11.90%
 143  CP026993.1_590048-591517             34.96%    passed     11.90%
 144  AEXL02000090.1_94351-95820           34.96%    passed     11.90%
 145  CP010868.1_949800-951269             34.96%    passed     10.72%
 146  CP035425.1_1404614-1406082           34.96%    passed     11.90%
 147  JAJETY010000004.1_54734-56202        34.96%    passed     14.20%
 148  JH165283.1_13406-14875               34.96%    passed     10.72%
 149  CAJQRN010000022.1_19552-21021        34.96%    passed     10.72%
 150  CAJQRY010000022.1_55347-56816        34.96%    passed     10.65%
 151  DAKA01000095.1_17695-19164           34.96%    passed     10.65%
 152  CP026994.1_623745-625214             34.96%    passed     10.65%
 153  JAPFBP010000004.1_45375-46844        34.96%    passed     11.98%
 154  JAPFQF010000005.1_11011-12480        34.96%    passed     11.98%
 155  NSIR01000001.1_228456-229610         34.96%    passed     14.50%
 156  JACDOP010000014.1_20152-21621        34.96%    passed     10.17%
 157  BJHR01000029.1_2174-3643             34.96%    passed     10.36%
 158  CALLTX010000012.1_30560-31743        34.96%    passed     10.36%
 159  JAGXTE010000052.1_16836-18305        34.96%    passed      7.73%
 160  PFTD01000139.1_3013-4482             34.96%    passed     12.72%
 161  JACRND010000144.1_3396-4150          34.96%    passed      8.09%
 162  PBZV01000028.1_57948-58463           87.15%    passed     69.57%
 163  LFLC01000014.1_6883-8352             34.96%    passed     12.49%
 164  JACATI010000009.1_44102-45571        34.96%    passed     12.80%
 165  JACATK010000013.1_9116-10585         34.96%    passed     15.64%
 166  JABDOO010000004.1_9649-10572         34.96%    passed     11.98%
 167  JAOTZU010000115.1_3946-4629          43.96%    passed     41.49%
 168  JAILWV010000011.1_25474-26943        34.96%    passed      7.86%
 169  JACEMW010000007.1_4-1294             34.96%    passed     12.72%
 170  JACEMZ010000022.1_852-2321           34.96%    passed     12.72%
 171  QQVT01000001.1_601449-602918         34.96%    passed     10.97%
 172  JADFMA010000065.1_1421-2889          34.96%    passed      8.77%
 173  CP007026.1_477692-479161             34.96%    passed      7.56%
 174  BPEA01000001.1_184319-185788         34.96%    passed      7.56%
 175  CACIRF010000006.1_6508-7977          34.96%    passed      7.56%
 176  CABXKZ010000002.1_29360-30829        34.96%    passed      8.26%
 177  JAOJYB010000002.1_24991-26460        34.96%    passed      8.26%
 178  LUOZ01000014.1_6491-7959             34.96%    passed      8.26%
 179  JAPNRK010000027.1_3871-4361          93.57%    passed     67.67%
 180  JAQBXM010000002.1_41012-42481        34.96%    passed      8.77%
 181  JAQCFP010000006.1_70500-71010        88.43%    passed     62.50%
 182  LFEZ01000019.1_51337-51849           87.92%    passed     72.16%
 183  SHMM01000028.1_3808-5275             34.96%    passed     12.63%
 184  CACHDH010000001.1_25591-27061        34.96%    passed     12.53%
 185  JACASX010000011.1_28656-30125        34.96%    passed     10.50%
 186  CACLNC010000047.1_320-1788           34.96%    passed      6.00%
 187  Dada2540                             34.96%    passed     14.94%
 188  Dada2593                             34.96%    passed     10.17%
 189  Dada27726                            34.96%    passed      8.09%
 190  BFAR01000058.1_3453-4373             34.96%    passed      5.42%
 191  JACZUQ010000011.1_20895-21815        34.96%    failed      4.50%
 192  Dada608                              34.96%    passed      8.39%
 193  Dada6305                             34.96%    passed      9.24%
 194  Dada4361                             34.96%    passed      9.58%
 195  Dada30358                            34.96%    passed      7.40%
 196  JACATB010000074.1_4119-4886          34.96%    passed      7.56%
 197  RHDH01000031.1_4183-5652             34.96%    passed      9.32%
 198  CP024808.1_289228-290697             34.96%    passed      9.13%
 199  DAMC01000088.1_1370-2839             34.96%    passed      7.86%
 200  CP011097.2_737014-738483             34.96%    passed      7.86%
 201  CAJNAQ010000005.1_600734-602203      34.96%    passed      9.26%
 202  JAHEXS010000031.1_6780-8249          34.96%    passed      5.12%
 203  Dada575                              34.96%    passed      5.12%
 204  RHFA01000180.1_16809-18278           34.96%    passed      6.07%
 205  JAAXHA010000027.1_29772-31239        34.96%    failed      1.96%
 206  JAPOVD010000001.1_25310-26777        34.96%    failed      2.83%
 207  FRFC01000003.1_577519-578987         34.96%    passed     14.11%
 208  NZ_FUYK01000013.1_14919-16387        34.96%    passed     15.39%
 209  JABDAJ010000001.1_78189-78998        34.96%    passed     15.62%
 210  QYQE01000046.1_29725-31193           34.96%    passed     15.39%
 211  JABDDN010000011.1_28829-30297        34.96%    passed      6.19%
 212  Dada55                               34.96%    passed     15.62%
 213  Dada302                              34.96%    passed     15.39%
 214  Dada2764                             34.96%    passed     16.83%
 215  Dada80                               34.96%    passed     15.62%
 216  Dada11341                            34.96%    passed     16.83%
 217  Dada22020                            34.96%    passed     15.43%
 218  Dada678                              34.96%    passed     20.32%
 219  Dada8166                             34.96%    passed     14.74%
 220  Dada643                              34.96%    passed      9.69%
 221  Dada3943                             34.96%    passed      9.00%
 222  Dada4136                             34.96%    passed      8.55%
 223  Dada3715                             34.96%    passed      7.43%
 224  Dada4051                             34.96%    passed      7.46%
 225  Dada8541                             34.96%    passed      7.92%
 226  Dada17288                            34.96%    passed      6.81%
 227  Dada14106                            34.96%    passed      8.13%
 228  Dada1508                             34.96%    passed      6.59%
 229  Dada2315                             34.96%    passed      6.59%
 230  Dada13349                            34.96%    passed     11.29%
 231  Dada25387                            34.96%    passed     10.37%
 232  VBPL01000041.1_65323-66060           34.96%    passed     11.69%
 233  NZ_RCMB01000017.1_17933-19402        34.96%    passed     16.83%
 234  Dada8165                             34.96%    passed     16.83%
 235  CP012850.1_2060567-2062034           34.96%    passed     12.33%
 236  CP017922.1_1787196-1788663           34.96%    passed     12.33%
 237  LR216287.1_2693345-2694812           34.96%    passed     12.33%
 238  Dada92                               34.96%    failed      4.82%
 239  Dada10804                            34.96%    failed      4.05%
 240  Dada13130                            34.96%    passed      5.58%
 241  Dada30633                            34.96%    passed      5.76%
 242  Dada5465                             34.96%    passed      6.31%
 243  Dada893                              34.96%    failed      4.35%
 244  Dada1444                             34.96%    failed      4.77%
 245  Dada3200                             34.96%    passed      5.14%
 246  Dada1028                             34.96%    failed      4.30%
 247  Dada1743                             34.96%    failed      4.30%
 248  Dada26253                            34.96%    failed      3.83%
 249  Dada1334                             34.96%    passed     12.33%
 250  Dada3546                             34.96%    passed     11.29%
 251  Dada12380                            34.96%    passed     12.71%
 252  Dada24748                            34.96%    passed      9.30%
 253  Dada1987                             34.96%    passed     11.62%
 254  Dada5506                             34.96%    passed     10.64%
 255  Dada20745                            34.96%    passed      9.55%
 256  Dada7572                             34.96%    passed      9.55%
 257  Dada2654                             34.96%    passed     10.64%
 258  Dada6987                             34.96%    passed     11.62%
 259  CAKOFP010000282.1_10588-12054        34.96%    passed      5.14%
 260  QHBN01000145.1_18501-19967           34.96%    passed      5.14%
 261  DAKM01000053.1_19058-19886           34.96%    passed      5.14%
 262  NZ_QURE01000023.1_17953-19419        34.96%    passed     12.71%
 263  Dada1338                             34.96%    failed      2.59%
 264  Dada2820                             34.96%    failed      1.98%
 265  CAMLDP010000038.1_5699-7167          34.96%    passed      5.58%
 266  JAJUFP010000001.1_202972-204440      34.96%    passed      5.76%
 267  QCWB01000030.1_11003-11931           34.96%    passed      6.66%
 268  JAICPA010000101.1_3678-4442          34.96%    passed      9.84%
 269  MNFA01000040.1_1400-2867             34.96%    passed      9.84%
 270  JACAEH010000005.1_7613-9080          34.96%    failed      3.29%
 271  JAICQB010000111.1_3039-3957          34.96%    passed      9.48%
 272  QCWD01000097.1_6579-7935             34.96%    passed      6.70%
 273  JAIBIM010000127.1_3088-4008          34.96%    passed      8.13%
 274  JAHWYJ010000001.1_15481-16949        34.96%    passed      8.13%
 275  JAICFG010000053.1_7124-8590          34.96%    passed      7.87%
 276  AJ627422.1_38671-40137               34.96%    passed      7.87%
 277  JAICFJ010000012.1_8833-10081         34.96%    passed      7.87%
 278  JAICFH010000019.1_17137-17887        34.96%    passed      7.87%
 279  JAICFN010000005.1_3017-3761          34.96%    passed      7.87%
 280  JAICFW010000022.1_16922-18388        34.96%    passed      7.87%
 281  JAICNX010000169.1_3394-4187          34.96%    passed      7.87%
 282  JAICFX010000127.1_2790-3553          34.96%    passed      7.87%
 283  JAICNM010000008.1_8271-9035          34.96%    passed      7.87%
 284  JAICHG010000077.1_7513-8416          34.96%    passed      7.87%
 285  JAICMV010000150.1_4047-4804          34.96%    passed      7.39%
 286  JAJPIN010000202.1_15965-16507        79.69%    passed     57.40%
 287  JAKEIK010000099.1_8587-9520          34.96%    passed      7.16%
 288  LT981265.1_1002314-1003780           34.96%    failed      0.38%
 289  JABXGO010000075.1_10324-11790        34.96%    failed      0.38%
 290  Dada5220                             34.96%    passed      6.94%
 291  Dada6722                             34.96%    passed      6.94%
 292  Dada9013                             34.96%    passed      6.01%
 293  Dada5998                             34.96%    passed      6.58%
 294  Dada7180                             34.96%    passed      9.00%
 295  JAJETX010000057.1_4-568              69.92%    passed     27.70%
 296  JAAZXO010000014.1_20-1462            34.96%    failed      0.14%
 297  DAIDTO010000744.1_70-906             41.65%    failed      0.00%
 298  DAIDTO010000222.1_1808-2466          76.35%    passed     12.39%
 299  DAIDTO010000745.1_38-628             86.12%    failed      1.17%
WARNING: 25 sequences contain more than 50% gaps/ambiguity
****  TOTAL                                35.03%  124 sequences failed composition chi2 test (p-value<5%; df=3)
NOTE: DAJVOR010000012.1_2821-4290 is identical to JAHCGZ010000002.1_3349-4818 but kept for subsequent analysis
NOTE: CP046181.1_44486-45955 is identical to JAPFQG010000029.1_104371-105840 but kept for subsequent analysis
NOTE: CALBPK010000047.1_2-1050 is identical to SHMJ01000004.1_162109-163578 but kept for subsequent analysis
NOTE: CABXGK010000006.1_29551-31020 is identical to CACFMI010000012.1_23609-25078 but kept for subsequent analysis
NOTE: JAAZXO010000081.1_5007-6476 is identical to JAOMZK010000004.1_32243-33712 but kept for subsequent analysis
NOTE: JACASW010000004.1_78578-80047 is identical to ARWO01000004.1_28644-30113 but kept for subsequent analysis
NOTE: VHBH01000001.1_90144-91613 is identical to RHDB01000005.1_25065-26534 but kept for subsequent analysis
NOTE: NZ_AVSQ01000019.1_27402-28871 is identical to CP030846.1_1030041-1031510 but kept for subsequent analysis
NOTE: NZ_CBTY010000008.1_401526-402995 is identical to NZ_JAPPVQ010000014.1_435624-437093 but kept for subsequent analysis
NOTE: JAPPQM010000041.1_12702-14171 is identical to RHEZ01000118.1_6971-8440 but kept for subsequent analysis
NOTE: WTHC01000047.1_3457-4924 is identical to JAPOXX010000009.1_114543-116010 but kept for subsequent analysis
NOTE: NZ_RCMC01000220.1_10434-11902 is identical to LN890280.1_1347782-1349250 but kept for subsequent analysis
NOTE: CP007174.1_1979203-1980671 is identical to CP007536.1_892626-894094 but kept for subsequent analysis
NOTE: CAKOFO010000276.1_4715-6181 is identical to CAKOFM010000135.1_3762-5228 but kept for subsequent analysis
NOTE: JAICFP010000011.1_2260-3726 is identical to JAICFZ010000030.1_2766-4232 but kept for subsequent analysis
NOTE: DAJVOQ010000002.1_17757-19226 is identical to JALJFE010000008.1_37670-39139 but kept for subsequent analysis
NOTE: NSIR01000001.1_228456-229610 is identical to NSIS01000012.1_110486-111539 but kept for subsequent analysis
NOTE: JAILWC010000001.1_414269-415738 is identical to AP026695.1_739863-741332 but kept for subsequent analysis
NOTE: NZ_MU078694.1_83176-84645 is identical to CP011070.1_762944-764413 but kept for subsequent analysis
NOTE: CP026994.1_623745-625214 is identical to JAOMSN010000006.1_43206-44675 but kept for subsequent analysis
NOTE: CAJQSS010000018.1_23089-24558 is identical to CABXPS010000010.1_30395-31864 but kept for subsequent analysis
NOTE: CAJQRN010000022.1_19552-21021 is identical to JH165283.1_13406-14875 but kept for subsequent analysis
NOTE: DAKA01000095.1_17695-19164 is identical to CAJQRY010000022.1_55347-56816 but kept for subsequent analysis
NOTE: CALLTX010000012.1_30560-31743 is identical to BJHR01000029.1_2174-3643 but kept for subsequent analysis
NOTE: Dada27726 is identical to JACRND010000144.1_3396-4150 but kept for subsequent analysis
NOTE: JACEMZ010000022.1_852-2321 is identical to JACEMW010000007.1_4-1294 but kept for subsequent analysis
NOTE: BPEA01000001.1_184319-185788 is identical to CP007026.1_477692-479161 but kept for subsequent analysis
NOTE: JAOJYB010000002.1_24991-26460 is identical to CABXKZ010000002.1_29360-30829 but kept for subsequent analysis
NOTE: CP011097.2_737014-738483 is identical to DAMC01000088.1_1370-2839 but kept for subsequent analysis
NOTE: Dada575 is identical to JAHEXS010000031.1_6780-8249 but kept for subsequent analysis
NOTE: QYQE01000046.1_29725-31193 is identical to NZ_FUYK01000013.1_14919-16387 but kept for subsequent analysis
NOTE: Dada80 is identical to JABDAJ010000001.1_78189-78998 but kept for subsequent analysis
NOTE: Dada8165 is identical to NZ_RCMB01000017.1_17933-19402 but kept for subsequent analysis
NOTE: CP017922.1_1787196-1788663 is identical to CP012850.1_2060567-2062034 but kept for subsequent analysis
NOTE: CAKOFP010000282.1_10588-12054 is identical to Dada3200 but kept for subsequent analysis
NOTE: JAHWYJ010000001.1_15481-16949 is identical to JAIBIM010000127.1_3088-4008 but kept for subsequent analysis
NOTE: AJ627422.1_38671-40137 is identical to JAICFG010000053.1_7124-8590 but kept for subsequent analysis
NOTE: 58 identical sequences (see below) will be ignored for subsequent analysis
NOTE: JAQCDU010000001.1_124479-125948 (identical to JAHCGZ010000002.1_3349-4818) is ignored but added at the end
NOTE: JAQCHK010000001.1_1-1300 (identical to JAHCGZ010000002.1_3349-4818) is ignored but added at the end
NOTE: NZ_JAOLVA010000027.1_3623-5092 (identical to JAHCGZ010000002.1_3349-4818) is ignored but added at the end
NOTE: JAJETX010000001.1_117833-119302 (identical to JAHCGZ010000002.1_3349-4818) is ignored but added at the end
NOTE: JAOHJC010000001.1_8922-10391 (identical to JAHCGZ010000002.1_3349-4818) is ignored but added at the end
NOTE: JAONHZ010000006.1_1276-2745 (identical to JAHCGZ010000002.1_3349-4818) is ignored but added at the end
NOTE: JAONRX010000001.1_53509-54978 (identical to JAHCGZ010000002.1_3349-4818) is ignored but added at the end
NOTE: CP003843.1_952925-954394 (identical to JAHCGZ010000002.1_3349-4818) is ignored but added at the end
NOTE: JAILWA010000001.1_259176-260645 (identical to JAHCGZ010000002.1_3349-4818) is ignored but added at the end
NOTE: JAOTWS010000001.1_271469-272938 (identical to JAHCGZ010000002.1_3349-4818) is ignored but added at the end
NOTE: JAOTXF010000011.1_1-1321 (identical to JAHCGZ010000002.1_3349-4818) is ignored but added at the end
NOTE: CP026995.1_1350810-1352279 (identical to JAHCGZ010000002.1_3349-4818) is ignored but added at the end
NOTE: NZ_BGKI01000007.1_193646-195115 (identical to JAHCGZ010000002.1_3349-4818) is ignored but added at the end
NOTE: JAILWM010000001.1_631337-632806 (identical to JAHCGZ010000002.1_3349-4818) is ignored but added at the end
NOTE: JOKN01000012.1_3411-4880 (identical to JAHCGZ010000002.1_3349-4818) is ignored but added at the end
NOTE: CP000866.1_896241-897710 (identical to JAHCGZ010000002.1_3349-4818) is ignored but added at the end
NOTE: NZ_AJVI01000001.1_38165-39634 (identical to JAHCGZ010000002.1_3349-4818) is ignored but added at the end
NOTE: LIAL01000036.1_1660-3129 (identical to JAHCGZ010000002.1_3349-4818) is ignored but added at the end
NOTE: JABGUZ010000107.1_1629-2899 (identical to JAHCGZ010000002.1_3349-4818) is ignored but added at the end
NOTE: JACEMY010000163.1_2407-2963 (identical to JAHCGZ010000002.1_3349-4818) is ignored but added at the end
NOTE: AFPU01000001.1_932096-933565 (identical to JAHCGZ010000002.1_3349-4818) is ignored but added at the end
NOTE: JAHFUX010000005.1_52545-54014 (identical to JAHCGZ010000002.1_3349-4818) is ignored but added at the end
NOTE: NZ_AHJG01000224.1_3276-4745 (identical to JAHCGZ010000002.1_3349-4818) is ignored but added at the end
NOTE: CM001158.1_573905-575374 (identical to JAHCGZ010000002.1_3349-4818) is ignored but added at the end
NOTE: JAIOOR010000005.1_94116-95585 (identical to JAHCGZ010000002.1_3349-4818) is ignored but added at the end
NOTE: JACZVG010000018.1_3507-4976 (identical to SHMJ01000004.1_162109-163578) is ignored but added at the end
NOTE: JAOLYM010000001.1_9464-10933 (identical to CACFMI010000012.1_23609-25078) is ignored but added at the end
NOTE: JAOMAI010000018.1_12759-14228 (identical to CACFMI010000012.1_23609-25078) is ignored but added at the end
NOTE: JAOMCQ010000005.1_3347-4816 (identical to CACFMI010000012.1_23609-25078) is ignored but added at the end
NOTE: CACIXQ010000004.1_1361-2831 (identical to ARWO01000004.1_28644-30113) is ignored but added at the end
NOTE: WJXE01000020.1_3727-5193 (identical to CAKOFM010000135.1_3762-5228) is ignored but added at the end
NOTE: JARBAW010000105.1_7475-8941 (identical to JAICFZ010000030.1_2766-4232) is ignored but added at the end
NOTE: JAICFI010000073.1_2191-3657 (identical to JAICFZ010000030.1_2766-4232) is ignored but added at the end
NOTE: DAJVOO010000011.1_31675-33144 (identical to JALJFE010000008.1_37670-39139) is ignored but added at the end
NOTE: CP021324.1_507271-508740 (identical to AP026695.1_739863-741332) is ignored but added at the end
NOTE: JAERSZ010000103.1_2730-4199 (identical to AP026695.1_739863-741332) is ignored but added at the end
NOTE: JAOMDU010000011.1_30291-31760 (identical to AP026695.1_739863-741332) is ignored but added at the end
NOTE: JAOLZN010000005.1_33089-34558 (identical to AP026695.1_739863-741332) is ignored but added at the end
NOTE: CP003842.1_945952-947421 (identical to AP026695.1_739863-741332) is ignored but added at the end
NOTE: JAANXA010000013.1_19451-20920 (identical to AP026695.1_739863-741332) is ignored but added at the end
NOTE: CP026993.1_590048-591517 (identical to AP026695.1_739863-741332) is ignored but added at the end
NOTE: AEXL02000090.1_94351-95820 (identical to AP026695.1_739863-741332) is ignored but added at the end
NOTE: CP035425.1_1404614-1406082 (identical to AP026695.1_739863-741332) is ignored but added at the end
NOTE: CP010868.1_949800-951269 (identical to CP011070.1_762944-764413) is ignored but added at the end
NOTE: CACIRF010000006.1_6508-7977 (identical to CP007026.1_477692-479161) is ignored but added at the end
NOTE: Dada302 (identical to NZ_FUYK01000013.1_14919-16387) is ignored but added at the end
NOTE: LR216287.1_2693345-2694812 (identical to CP012850.1_2060567-2062034) is ignored but added at the end
NOTE: Dada1334 (identical to CP012850.1_2060567-2062034) is ignored but added at the end
NOTE: QHBN01000145.1_18501-19967 (identical to Dada3200) is ignored but added at the end
NOTE: DAKM01000053.1_19058-19886 (identical to Dada3200) is ignored but added at the end
NOTE: JAICFJ010000012.1_8833-10081 (identical to JAICFG010000053.1_7124-8590) is ignored but added at the end
NOTE: JAICFH010000019.1_17137-17887 (identical to JAICFG010000053.1_7124-8590) is ignored but added at the end
NOTE: JAICFN010000005.1_3017-3761 (identical to JAICFG010000053.1_7124-8590) is ignored but added at the end
NOTE: JAICFW010000022.1_16922-18388 (identical to JAICFG010000053.1_7124-8590) is ignored but added at the end
NOTE: JAICNX010000169.1_3394-4187 (identical to JAICFG010000053.1_7124-8590) is ignored but added at the end
NOTE: JAICFX010000127.1_2790-3553 (identical to JAICFG010000053.1_7124-8590) is ignored but added at the end
NOTE: JAICNM010000008.1_8271-9035 (identical to JAICFG010000053.1_7124-8590) is ignored but added at the end
NOTE: JAICHG010000077.1_7513-8416 (identical to JAICFG010000053.1_7124-8590) is ignored but added at the end

For your convenience alignment with unique sequences printed to 1d_Removed_Empty_Sequences.fasta.uniqueseq.phy


Create initial parsimony tree by phylogenetic likelihood library (PLL)... 0.023 seconds
NOTE: ModelFinder requires 12 MB RAM!
ModelFinder will test 88 DNA models (sample size: 389) ...
 No. Model         -LnL         df  AIC          AICc         BIC
  1  JC            7014.126     479 14986.252    474826.252   16884.806
  2  JC+I          6983.799     480 14927.597    476687.597   16830.115
  3  JC+G4         6693.430     480 14346.861    476106.861   16249.379
  4  JC+I+G4       6693.709     481 14349.418    478033.418   16255.900
  5  F81+F         7029.925     482 15023.849    480635.849   16934.295
  6  F81+F+I       6998.815     483 14963.631    482507.631   16878.040
  7  F81+F+G4      6712.174     483 14390.348    481934.348   16304.756
  8  F81+F+I+G4    6712.384     484 14392.768    483872.768   16311.140
  9  K2P           6804.519     480 14569.037    476329.037   16471.555
 10  K2P+I         6771.585     481 14505.169    478189.169   16411.651
 11  K2P+G4        6462.241     481 13886.483    477570.483   15792.965
 12  K2P+I+G4      6462.332     482 13888.665    479500.665   15799.110
 13  HKY+F         6819.703     483 14605.407    482149.407   16519.816
 14  HKY+F+I       6784.653     484 14537.306    484017.306   16455.679
 15  HKY+F+G4      6476.933     484 13921.865    483401.865   15840.237
 16  HKY+F+I+G4    6476.997     485 13923.993    485343.993   15846.329
 17  TNe           6798.717     481 14559.433    478243.433   16465.915
 18  TNe+I         6766.007     482 14496.013    480108.013   16406.459
 19  TNe+G4        6461.851     482 13887.702    479499.702   15798.148
 20  TNe+I+G4      6461.908     483 13889.816    481433.816   15804.225
 21  TN+F          6810.046     484 14588.092    484068.092   16506.464
 22  TN+F+I        6775.523     485 14521.047    485941.047   16443.383
 23  TN+F+G4       6475.156     485 13920.312    485340.312   15842.648
 24  TN+F+I+G4     6475.191     486 13922.382    487286.382   15848.681
 25  K3P           6803.939     481 14569.878    478253.878   16476.360
 26  K3P+I         6771.041     482 14506.081    480118.081   16416.527
 27  K3P+G4        6461.855     482 13887.709    479499.709   15798.155
 28  K3P+I+G4      6461.891     483 13889.782    481433.782   15804.191
 29  K3Pu+F        6818.955     484 14605.909    484085.909   16524.282
 30  K3Pu+F+I      6783.871     485 14537.743    485957.743   16460.079
 31  K3Pu+F+G4     6476.291     485 13922.583    485342.583   15844.919
 32  K3Pu+F+I+G4   6476.311     486 13924.623    487288.623   15850.922
 33  TPM2+F        6818.354     484 14604.708    484084.708   16523.081
 34  TPM2+F+I      6782.423     485 14534.846    485954.846   16457.182
 35  TPM2+F+G4     6473.766     485 13917.532    485337.532   15839.868
 36  TPM2+F+I+G4   6473.775     486 13919.550    487283.550   15845.849
 37  TPM2u+F       6818.355     484 14604.710    484084.710   16523.083
 38  TPM2u+F+I     6782.423     485 14534.846    485954.846   16457.182
 39  TPM2u+F+G4    6473.765     485 13917.530    485337.530   15839.866
 40  TPM2u+F+I+G4  6473.768     486 13919.536    487283.536   15845.835
 41  TPM3+F        6803.994     484 14575.987    484055.987   16494.360
 42  TPM3+F+I      6767.948     485 14505.895    485925.895   16428.231
 43  TPM3+F+G4     6458.864     485 13887.729    485307.729   15810.065
 44  TPM3+F+I+G4   6458.867     486 13889.735    487253.735   15816.034
 45  TPM3u+F       6803.993     484 14575.987    484055.987   16494.359
 46  TPM3u+F+I     6767.948     485 14505.896    485925.896   16428.232
 47  TPM3u+F+G4    6458.865     485 13887.730    485307.730   15810.066
 48  TPM3u+F+I+G4  6458.865     486 13889.730    487253.730   15816.029
 49  TIMe          6798.148     482 14560.296    480172.296   16470.741
 50  TIMe+I        6765.470     483 14496.940    482040.940   16411.349
 51  TIMe+G4       6461.470     483 13888.941    481432.941   15803.350
 52  TIMe+I+G4     6461.474     484 13890.948    483370.948   15809.321
 53  TIM+F         6809.319     485 14588.639    486008.639   16510.975
 54  TIM+F+I       6774.760     486 14521.520    487885.520   16447.819
 55  TIM+F+G4      6474.526     486 13921.052    487285.052   15847.352
 56  TIM+F+I+G4    6474.519     487 13923.037    489235.037   15853.300
 57  TIM2e         6798.561     482 14561.123    480173.123   16471.568
 58  TIM2e+I       6765.499     483 14496.998    482040.998   16411.406
 59  TIM2e+G4      6461.312     483 13888.624    481432.624   15803.033
 60  TIM2e+I+G4    6461.305     484 13890.611    483370.611   15808.983
 61  TIM2+F        6808.710     485 14587.420    486007.420   16509.756
 62  TIM2+F+I      6773.354     486 14518.708    487882.708   16445.008
 63  TIM2+F+G4     6471.977     486 13915.955    487279.955   15842.254
 64  TIM2+F+I+G4   6471.960     487 13917.920    489229.920   15848.183
 65  TIM3e         6786.946     482 14537.893    480149.893   16448.338
 66  TIM3e+I       6753.347     483 14472.695    482016.695   16387.104
 67  TIM3e+G4      6449.170     483 13864.340    481408.340   15778.749
 68  TIM3e+I+G4    6449.164     484 13866.327    483346.327   15784.700
 69  TIM3+F        6794.200     485 14558.400    485978.400   16480.735
 70  TIM3+F+I      6758.628     486 14489.257    487853.257   16415.556
 71  TIM3+F+G4     6457.191     486 13886.381    487250.381   15812.681
 72  TIM3+F+I+G4   6457.178     487 13888.357    489200.357   15818.620
 73  TVMe          6791.956     483 14549.912    482093.912   16464.321
 74  TVMe+I        6757.763     484 14483.525    483963.525   16401.898
 75  TVMe+G4       6448.268     484 13864.536    483344.536   15782.908
 76  TVMe+I+G4     6448.259     485 13866.518    485286.518   15788.854
 77  TVM+F         6801.712     486 14575.424    487939.424   16501.724
 78  TVM+F+I       6764.721     487 14503.442    489815.442   16433.705
 79  TVM+F+G4      6454.779     487 13883.559    489195.559   15813.822
 80  TVM+F+I+G4    6454.765     488 13885.531    491149.531   15819.757
 81  SYM           6785.997     484 14539.993    484019.993   16458.365
 82  SYM+I         6752.019     485 14474.038    485894.038   16396.374
 83  SYM+G4        6447.955     485 13865.909    485285.909   15788.245
 84  SYM+I+G4      6447.943     486 13867.886    487231.886   15794.186
 85  GTR+F         6791.911     487 14557.822    489869.822   16488.085
 86  GTR+F+I       6755.455     488 14486.909    491750.909   16421.136
 87  GTR+F+G4      6453.073     488 13882.145    491146.145   15816.372
 88  GTR+F+I+G4    6453.052     489 13884.105    493104.105   15822.295
Akaike Information Criterion:           TIM3e+G4
Corrected Akaike Information Criterion: JC
Bayesian Information Criterion:         TIM3e+G4
Best-fit model: TIM3e+G4 chosen according to BIC

All model information printed to 1d_Removed_Empty_Sequences.fasta.model.gz
CPU time for ModelFinder: 18.812 seconds (0h:0m:18s)
Wall-clock time for ModelFinder: 19.062 seconds (0h:0m:19s)
Generating 1000 samples for ultrafast bootstrap (seed: 105828)...

NOTE: 12 MB RAM (0 GB) is required!
Estimate model parameters (epsilon = 0.100)
1. Initial log-likelihood: -6721.961
2. Current log-likelihood: -6461.164
3. Current log-likelihood: -6450.249
4. Current log-likelihood: -6449.346
5. Current log-likelihood: -6449.241
Optimal log-likelihood: -6449.169
Rate parameters:  A-C: 0.49968  A-G: 3.13150  A-T: 1.00000  C-G: 0.49968  C-T: 3.40822  G-T: 1.00000
Base frequencies:  A: 0.250  C: 0.250  G: 0.250  T: 0.250
Gamma shape alpha: 0.674
Parameters optimization took 5 rounds (1.061 sec)
Computing ML distances based on estimated model parameters... 0.452 sec
WARNING: Some pairwise ML distances are too long (saturated)
Computing BIONJ tree...
0.131 seconds
Log-likelihood of BIONJ tree: -7098.049
--------------------------------------------------------------------
|             INITIALIZING CANDIDATE TREE SET                      |
--------------------------------------------------------------------
Generating 98 parsimony trees... 2.483 second
Computing log-likelihood of 98 initial trees ... 5.332 seconds
Current best score: -6433.692

Do NNI search on 20 best initial trees
Estimate model parameters (epsilon = 0.100)
BETTER TREE FOUND at iteration 1: -6408.329
Estimate model parameters (epsilon = 0.100)
BETTER TREE FOUND at iteration 2: -6402.410
Estimate model parameters (epsilon = 0.100)
BETTER TREE FOUND at iteration 6: -6402.118
Estimate model parameters (epsilon = 0.100)
BETTER TREE FOUND at iteration 8: -6391.672
Iteration 10 / LogL: -6424.784 / Time: 0h:0m:35s
Iteration 20 / LogL: -6408.390 / Time: 0h:0m:58s
Finish initializing candidate tree set (20)
Current best tree score: -6391.672 / CPU time: 56.491
Number of iterations: 20
--------------------------------------------------------------------
|               OPTIMIZING CANDIDATE TREE SET                      |
--------------------------------------------------------------------
Estimate model parameters (epsilon = 0.100)
BETTER TREE FOUND at iteration 27: -6388.333
Iteration 30 / LogL: -6430.738 / Time: 0h:1m:18s (0h:4m:21s left)
Estimate model parameters (epsilon = 0.100)
BETTER TREE FOUND at iteration 33: -6387.034
Estimate model parameters (epsilon = 0.100)
BETTER TREE FOUND at iteration 37: -6386.825
Iteration 40 / LogL: -6394.752 / Time: 0h:1m:40s (0h:4m:10s left)
Estimate model parameters (epsilon = 0.100)
BETTER TREE FOUND at iteration 50: -6385.487
Iteration 50 / LogL: -6385.487 / Time: 0h:2m:3s (0h:4m:12s left)
Log-likelihood cutoff on original alignment: -6444.455
Estimate model parameters (epsilon = 0.100)
BETTER TREE FOUND at iteration 59: -6384.374
Iteration 60 / LogL: -6394.407 / Time: 0h:2m:26s (0h:4m:5s left)
Estimate model parameters (epsilon = 0.100)
BETTER TREE FOUND at iteration 63: -6383.317
Iteration 70 / LogL: -6384.444 / Time: 0h:2m:49s (0h:3m:47s left)
Iteration 80 / LogL: -6458.199 / Time: 0h:3m:9s (0h:3m:19s left)
Iteration 90 / LogL: -6383.929 / Time: 0h:3m:32s (0h:2m:54s left)
Estimate model parameters (epsilon = 0.100)
BETTER TREE FOUND at iteration 94: -6382.391
Iteration 100 / LogL: -6384.733 / Time: 0h:3m:56s (0h:3m:44s left)
Log-likelihood cutoff on original alignment: -6444.455
NOTE: Bootstrap correlation coefficient of split occurrence frequencies: 0.980
NOTE: UFBoot does not converge, continue at least 100 more iterations
Estimate model parameters (epsilon = 0.100)
BETTER TREE FOUND at iteration 103: -6380.736
Iteration 110 / LogL: -6382.897 / Time: 0h:4m:19s (0h:3m:41s left)
Estimate model parameters (epsilon = 0.100)
BETTER TREE FOUND at iteration 112: -6379.778
Iteration 120 / LogL: -6381.222 / Time: 0h:4m:43s (0h:3m:39s left)
Estimate model parameters (epsilon = 0.100)
BETTER TREE FOUND at iteration 121: -6378.771
Estimate model parameters (epsilon = 0.100)
BETTER TREE FOUND at iteration 125: -6378.727
Iteration 130 / LogL: -6389.743 / Time: 0h:5m:13s (0h:3m:50s left)
Estimate model parameters (epsilon = 0.100)
BETTER TREE FOUND at iteration 134: -6378.712
Iteration 140 / LogL: -6381.857 / Time: 0h:5m:41s (0h:3m:50s left)
Estimate model parameters (epsilon = 0.100)
BETTER TREE FOUND at iteration 144: -6378.413
Estimate model parameters (epsilon = 0.100)
BETTER TREE FOUND at iteration 149: -6374.812
Iteration 150 / LogL: -6428.572 / Time: 0h:6m:8s (0h:4m:4s left)
Log-likelihood cutoff on original alignment: -6439.686
Iteration 160 / LogL: -6395.113 / Time: 0h:6m:30s (0h:3m:38s left)
Iteration 170 / LogL: -6382.763 / Time: 0h:6m:54s (0h:3m:13s left)
Iteration 180 / LogL: -6376.313 / Time: 0h:7m:16s (0h:2m:48s left)
Iteration 190 / LogL: -6375.049 / Time: 0h:7m:39s (0h:2m:23s left)
Estimate model parameters (epsilon = 0.100)
BETTER TREE FOUND at iteration 191: -6373.803
Iteration 200 / LogL: -6390.531 / Time: 0h:8m:2s (0h:3m:40s left)
Log-likelihood cutoff on original alignment: -6439.686
NOTE: Bootstrap correlation coefficient of split occurrence frequencies: 0.957
NOTE: UFBoot does not converge, continue at least 100 more iterations
Iteration 210 / LogL: -6376.024 / Time: 0h:8m:29s (0h:3m:39s left)
Iteration 220 / LogL: -6399.121 / Time: 0h:8m:55s (0h:3m:15s left)
Estimate model parameters (epsilon = 0.100)
BETTER TREE FOUND at iteration 227: -6373.166
Iteration 230 / LogL: -6381.075 / Time: 0h:9m:20s (0h:3m:57s left)
Iteration 240 / LogL: -6384.359 / Time: 0h:9m:40s (0h:3m:31s left)
Iteration 250 / LogL: -6374.687 / Time: 0h:10m:3s (0h:3m:6s left)
Log-likelihood cutoff on original alignment: -6439.686
Estimate model parameters (epsilon = 0.100)
BETTER TREE FOUND at iteration 257: -6372.901
Estimate model parameters (epsilon = 0.100)
BETTER TREE FOUND at iteration 260: -6372.876
Iteration 260 / LogL: -6372.876 / Time: 0h:10m:24s (0h:4m:1s left)
Iteration 270 / LogL: -6387.626 / Time: 0h:10m:47s (0h:3m:36s left)
Estimate model parameters (epsilon = 0.100)
BETTER TREE FOUND at iteration 275: -6372.526
Iteration 280 / LogL: -6382.698 / Time: 0h:11m:9s (0h:3m:48s left)
Iteration 290 / LogL: -6396.896 / Time: 0h:11m:32s (0h:3m:23s left)
Iteration 300 / LogL: -6389.969 / Time: 0h:11m:52s (0h:2m:58s left)
Log-likelihood cutoff on original alignment: -6439.686
NOTE: Bootstrap correlation coefficient of split occurrence frequencies: 0.959
NOTE: UFBoot does not converge, continue at least 100 more iterations
Iteration 310 / LogL: -6380.660 / Time: 0h:12m:16s (0h:3m:34s left)
Iteration 320 / LogL: -6384.631 / Time: 0h:12m:41s (0h:3m:10s left)
Estimate model parameters (epsilon = 0.100)
BETTER TREE FOUND at iteration 330: -6372.490
Iteration 330 / LogL: -6372.490 / Time: 0h:13m:1s (0h:3m:57s left)
Iteration 340 / LogL: -6377.760 / Time: 0h:13m:24s (0h:3m:33s left)
Iteration 350 / LogL: -6378.305 / Time: 0h:13m:44s (0h:3m:8s left)
Log-likelihood cutoff on original alignment: -6439.686
Iteration 360 / LogL: -6403.063 / Time: 0h:14m:6s (0h:2m:45s left)
Iteration 370 / LogL: -6383.497 / Time: 0h:14m:29s (0h:2m:21s left)
Iteration 380 / LogL: -6392.734 / Time: 0h:14m:50s (0h:1m:57s left)
Estimate model parameters (epsilon = 0.100)
BETTER TREE FOUND at iteration 385: -6372.075
Iteration 390 / LogL: -6372.124 / Time: 0h:15m:14s (0h:3m:43s left)
Estimate model parameters (epsilon = 0.100)
BETTER TREE FOUND at iteration 396: -6372.044
Iteration 400 / LogL: -6455.218 / Time: 0h:15m:36s (0h:3m:45s left)
Log-likelihood cutoff on original alignment: -6439.686
NOTE: Bootstrap correlation coefficient of split occurrence frequencies: 0.976
NOTE: UFBoot does not converge, continue at least 100 more iterations
Iteration 410 / LogL: -6375.807 / Time: 0h:15m:55s (0h:3m:30s left)
Iteration 420 / LogL: -6372.844 / Time: 0h:16m:19s (0h:3m:7s left)
Iteration 430 / LogL: -6379.213 / Time: 0h:16m:43s (0h:2m:43s left)
Iteration 440 / LogL: -6376.364 / Time: 0h:17m:9s (0h:2m:20s left)
Iteration 450 / LogL: -6372.131 / Time: 0h:17m:31s (0h:1m:57s left)
Log-likelihood cutoff on original alignment: -6439.686
Iteration 460 / LogL: -6412.351 / Time: 0h:17m:53s (0h:1m:33s left)
Iteration 470 / LogL: -6504.393 / Time: 0h:18m:16s (0h:1m:10s left)
Iteration 480 / LogL: -6399.132 / Time: 0h:18m:36s (0h:0m:46s left)
Estimate model parameters (epsilon = 0.100)
BETTER TREE FOUND at iteration 490: -6371.842
Iteration 490 / LogL: -6371.842 / Time: 0h:18m:58s (0h:3m:52s left)
Iteration 500 / LogL: -6382.994 / Time: 0h:19m:20s (0h:3m:29s left)
Log-likelihood cutoff on original alignment: -6439.686
NOTE: Bootstrap correlation coefficient of split occurrence frequencies: 0.983
NOTE: UFBoot does not converge, continue at least 100 more iterations
Iteration 510 / LogL: -6380.668 / Time: 0h:19m:44s (0h:3m:29s left)
Iteration 520 / LogL: -6374.829 / Time: 0h:20m:8s (0h:3m:6s left)
Iteration 530 / LogL: -6377.419 / Time: 0h:20m:32s (0h:2m:43s left)
Iteration 540 / LogL: -6385.916 / Time: 0h:20m:55s (0h:2m:19s left)
Estimate model parameters (epsilon = 0.100)
BETTER TREE FOUND at iteration 542: -6371.725
BETTER TREE FOUND at iteration 550: -6371.722
Iteration 550 / LogL: -6371.722 / Time: 0h:21m:20s (0h:3m:53s left)
Log-likelihood cutoff on original alignment: -6439.686
Estimate model parameters (epsilon = 0.100)
BETTER TREE FOUND at iteration 551: -6371.544
Iteration 560 / LogL: -6395.666 / Time: 0h:21m:46s (0h:3m:32s left)
Iteration 570 / LogL: -6376.911 / Time: 0h:22m:9s (0h:3m:9s left)
Iteration 580 / LogL: -6401.178 / Time: 0h:22m:34s (0h:2m:46s left)
Iteration 590 / LogL: -6372.939 / Time: 0h:22m:56s (0h:2m:22s left)
Iteration 600 / LogL: -6374.302 / Time: 0h:23m:18s (0h:1m:59s left)
Log-likelihood cutoff on original alignment: -6439.686
NOTE: Bootstrap correlation coefficient of split occurrence frequencies: 0.984
NOTE: UFBoot does not converge, continue at least 100 more iterations
Iteration 610 / LogL: -6379.982 / Time: 0h:23m:42s (0h:3m:30s left)
BETTER TREE FOUND at iteration 617: -6371.539
Iteration 620 / LogL: -6423.532 / Time: 0h:24m:6s (0h:3m:46s left)
Estimate model parameters (epsilon = 0.100)
BETTER TREE FOUND at iteration 622: -6371.469
Iteration 630 / LogL: -6386.059 / Time: 0h:24m:34s (0h:3m:35s left)
Iteration 640 / LogL: -6384.006 / Time: 0h:24m:55s (0h:3m:11s left)
Iteration 650 / LogL: -6377.985 / Time: 0h:25m:23s (0h:2m:49s left)
Log-likelihood cutoff on original alignment: -6439.686
Iteration 660 / LogL: -6374.721 / Time: 0h:25m:47s (0h:2m:25s left)
Iteration 670 / LogL: -6376.026 / Time: 0h:26m:10s (0h:2m:2s left)
Iteration 680 / LogL: -6415.189 / Time: 0h:26m:36s (0h:1m:38s left)
Iteration 690 / LogL: -6395.909 / Time: 0h:26m:59s (0h:1m:15s left)
Iteration 700 / LogL: -6380.027 / Time: 0h:27m:21s (0h:0m:51s left)
Log-likelihood cutoff on original alignment: -6439.686
NOTE: Bootstrap correlation coefficient of split occurrence frequencies: 0.984
NOTE: UFBoot does not converge, continue at least 100 more iterations
Iteration 710 / LogL: -6373.720 / Time: 0h:27m:44s (0h:3m:31s left)
Iteration 720 / LogL: -6396.825 / Time: 0h:28m:8s (0h:3m:7s left)
Iteration 730 / LogL: -6382.050 / Time: 0h:28m:36s (0h:2m:44s left)
Iteration 740 / LogL: -6371.553 / Time: 0h:29m:1s (0h:2m:21s left)
Iteration 750 / LogL: -6374.455 / Time: 0h:29m:26s (0h:1m:57s left)
Log-likelihood cutoff on original alignment: -6439.686
Iteration 760 / LogL: -6393.752 / Time: 0h:29m:53s (0h:1m:34s left)
Iteration 770 / LogL: -6385.304 / Time: 0h:30m:20s (0h:1m:11s left)
Iteration 780 / LogL: -6385.801 / Time: 0h:30m:47s (0h:0m:47s left)
Iteration 790 / LogL: -6373.909 / Time: 0h:31m:11s (0h:0m:23s left)
Iteration 800 / LogL: -6375.818 / Time: 0h:31m:38s (0h:0m:0s left)
Log-likelihood cutoff on original alignment: -6439.686
NOTE: Bootstrap correlation coefficient of split occurrence frequencies: 0.984
NOTE: UFBoot does not converge, continue at least 100 more iterations
Iteration 810 / LogL: -6401.487 / Time: 0h:32m:7s (0h:3m:34s left)
Iteration 820 / LogL: -6411.592 / Time: 0h:32m:32s (0h:3m:10s left)
Iteration 830 / LogL: -6374.014 / Time: 0h:32m:56s (0h:2m:46s left)
Iteration 840 / LogL: -6422.410 / Time: 0h:33m:22s (0h:2m:23s left)
Iteration 850 / LogL: -6389.949 / Time: 0h:33m:46s (0h:1m:59s left)
Log-likelihood cutoff on original alignment: -6439.686
Iteration 860 / LogL: -6377.946 / Time: 0h:34m:11s (0h:1m:35s left)
Iteration 870 / LogL: -6422.809 / Time: 0h:34m:37s (0h:1m:11s left)
Iteration 880 / LogL: -6378.360 / Time: 0h:35m:1s (0h:0m:47s left)
Iteration 890 / LogL: -6377.012 / Time: 0h:35m:27s (0h:0m:23s left)
Iteration 900 / LogL: -6403.487 / Time: 0h:35m:53s (0h:0m:0s left)
Log-likelihood cutoff on original alignment: -6439.686
NOTE: Bootstrap correlation coefficient of split occurrence frequencies: 0.990
NOTE: UFBoot does not converge, continue at least 100 more iterations
Iteration 910 / LogL: -6372.400 / Time: 0h:36m:20s (0h:3m:35s left)
Iteration 920 / LogL: -6372.248 / Time: 0h:36m:47s (0h:3m:12s left)
Iteration 930 / LogL: -6371.902 / Time: 0h:37m:16s (0h:2m:48s left)
Iteration 940 / LogL: -6371.819 / Time: 0h:37m:44s (0h:2m:24s left)
Iteration 950 / LogL: -6373.806 / Time: 0h:38m:11s (0h:2m:0s left)
Log-likelihood cutoff on original alignment: -6439.686
Iteration 960 / LogL: -6383.489 / Time: 0h:38m:37s (0h:1m:36s left)
Iteration 970 / LogL: -6372.048 / Time: 0h:39m:3s (0h:1m:12s left)
Iteration 980 / LogL: -6371.816 / Time: 0h:39m:27s (0h:0m:48s left)
Iteration 990 / LogL: -6372.029 / Time: 0h:39m:49s (0h:0m:24s left)
Iteration 1000 / LogL: -6372.817 / Time: 0h:40m:15s (0h:0m:0s left)
Log-likelihood cutoff on original alignment: -6439.686
NOTE: Bootstrap correlation coefficient of split occurrence frequencies: 0.991
TREE SEARCH COMPLETED AFTER 1000 ITERATIONS / Time: 0h:40m:16s

--------------------------------------------------------------------
|                    FINALIZING TREE SEARCH                        |
--------------------------------------------------------------------
Performs final model parameters optimization
Estimate model parameters (epsilon = 0.010)
1. Initial log-likelihood: -6371.469
Optimal log-likelihood: -6371.469
Rate parameters:  A-C: 0.53215  A-G: 3.41801  A-T: 1.00000  C-G: 0.53215  C-T: 3.77167  G-T: 1.00000
Base frequencies:  A: 0.250  C: 0.250  G: 0.250  T: 0.250
Gamma shape alpha: 0.672
Parameters optimization took 1 rounds (0.087 sec)
BEST SCORE FOUND : -6371.469

Testing tree branches by SH-like aLRT with 1000 replicates...
Alternative NNI shows better log-likelihood -6371.466 > -6371.469
2.456 sec.
Creating bootstrap support values...
Split supports printed to NEXUS file 1d_Removed_Empty_Sequences.fasta.splits.nex
Total tree length: 25.369

Total number of iterations: 1000
CPU time used for tree search: 2403.144 sec (0h:40m:3s)
Wall-clock time used for tree search: 2414.640 sec (0h:40m:14s)
Total CPU time used: 2408.324 sec (0h:40m:8s)
Total wall-clock time used: 2420.218 sec (0h:40m:20s)

Computing bootstrap consensus tree...
Reading input file 1d_Removed_Empty_Sequences.fasta.splits.nex...
241 taxa and 4498 splits.
Consensus tree written to 1d_Removed_Empty_Sequences.fasta.contree
Reading input trees file 1d_Removed_Empty_Sequences.fasta.contree
Log-likelihood of consensus tree: -6373.312

Analysis results written to: 
  IQ-TREE report:                1d_Removed_Empty_Sequences.fasta.iqtree
  Maximum-likelihood tree:       1d_Removed_Empty_Sequences.fasta.treefile
  Likelihood distances:          1d_Removed_Empty_Sequences.fasta.mldist

Ultrafast bootstrap approximation results written to:
  Split support values:          1d_Removed_Empty_Sequences.fasta.splits.nex
  Consensus tree:                1d_Removed_Empty_Sequences.fasta.contree
  Screen log file:               1d_Removed_Empty_Sequences.fasta.log

Date and Time: Wed Sep  6 11:25:53 2023
